{"/home/bryan/Projects/next-utils/src/index.ts": {"path":"/home/bryan/Projects/next-utils/src/index.ts","all":false,"statementMap":{"28":{"start":{"line":29,"column":0},"end":{"line":29,"column":27}},"29":{"start":{"line":30,"column":0},"end":{"line":30,"column":49}},"30":{"start":{"line":31,"column":0},"end":{"line":31,"column":56}},"31":{"start":{"line":32,"column":0},"end":{"line":32,"column":26}},"32":{"start":{"line":33,"column":0},"end":{"line":33,"column":34}},"33":{"start":{"line":34,"column":0},"end":{"line":34,"column":18}},"34":{"start":{"line":35,"column":0},"end":{"line":35,"column":16}},"36":{"start":{"line":37,"column":0},"end":{"line":37,"column":45}},"37":{"start":{"line":38,"column":0},"end":{"line":38,"column":6}},"38":{"start":{"line":39,"column":0},"end":{"line":39,"column":19}},"39":{"start":{"line":40,"column":0},"end":{"line":40,"column":23}},"40":{"start":{"line":41,"column":0},"end":{"line":41,"column":22}},"41":{"start":{"line":42,"column":0},"end":{"line":42,"column":5}},"42":{"start":{"line":43,"column":0},"end":{"line":43,"column":1}}},"s":{"28":1,"29":1,"30":1,"31":4,"32":4,"33":4,"34":4,"36":4,"37":4,"38":1,"39":1,"40":1,"41":1,"42":1},"branchMap":{"0":{"type":"branch","line":31,"loc":{"start":{"line":31,"column":11},"end":{"line":38,"column":6}},"locations":[{"start":{"line":31,"column":11},"end":{"line":38,"column":6}}]},"1":{"type":"branch","line":37,"loc":{"start":{"line":37,"column":25},"end":{"line":37,"column":37}},"locations":[{"start":{"line":37,"column":25},"end":{"line":37,"column":37}}]},"2":{"type":"branch","line":37,"loc":{"start":{"line":37,"column":30},"end":{"line":37,"column":45}},"locations":[{"start":{"line":37,"column":30},"end":{"line":37,"column":45}}]},"3":{"type":"branch","line":33,"loc":{"start":{"line":33,"column":13},"end":{"line":33,"column":33}},"locations":[{"start":{"line":33,"column":13},"end":{"line":33,"column":33}}]}},"b":{"0":[4],"1":[2],"2":[2],"3":[9]},"fnMap":{"0":{"name":"value","decl":{"start":{"line":31,"column":11},"end":{"line":38,"column":6}},"loc":{"start":{"line":31,"column":11},"end":{"line":38,"column":6}},"line":31}},"f":{"0":4}}
}
